0 info it worked if it ends with ok
1 verbose cli [ '/usr/local/bin/node', '/usr/local/bin/npm', 'link' ]
2 info using npm@3.10.9
3 info using node@v6.9.2
4 verbose linkPkg /Volumes/Mini 16GB /Code/WhatTheHell
5 silly gentlyRm /usr/local/lib/node_modules/wth-cli is being purged
6 verbose gentlyRm don't care about contents; nuking /usr/local/lib/node_modules/wth-cli
7 silly vacuum-fs purging /usr/local/lib/node_modules/wth-cli
8 silly vacuum-fs quitting because other entries in /usr/local/lib/node_modules
9 verbose link build target /usr/local/lib/node_modules/wth-cli
10 silly loadCurrentTree Starting
11 silly install loadCurrentTree
12 silly install readLocalPackageData
13 silly install normalizeTree
14 silly loadCurrentTree Finishing
15 silly loadIdealTree Starting
16 silly install loadIdealTree
17 silly cloneCurrentTree Starting
18 silly install cloneCurrentTreeToIdealTree
19 silly cloneCurrentTree Finishing
20 silly loadShrinkwrap Starting
21 silly install loadShrinkwrap
22 silly loadShrinkwrap Finishing
23 silly loadAllDepsIntoIdealTree Starting
24 silly install loadAllDepsIntoIdealTree
25 silly loadAllDepsIntoIdealTree Finishing
26 silly loadIdealTree Finishing
27 silly currentTree wth-cli@1.0.1
27 silly currentTree ├── ansi-regex@2.0.0
27 silly currentTree ├── ansi-styles@2.2.1
27 silly currentTree ├── chalk@1.1.3
27 silly currentTree ├── clear@0.0.1
27 silly currentTree ├── cli-cursor@1.0.2
27 silly currentTree ├── cli-spinners@1.0.0
27 silly currentTree ├── colors@1.1.2
27 silly currentTree ├── commander@2.9.0
27 silly currentTree ├── escape-string-regexp@1.0.5
27 silly currentTree ├── exit-hook@1.1.1
27 silly currentTree ├── fs@0.0.1-security
27 silly currentTree ├── graceful-readlink@1.0.1
27 silly currentTree ├── has-ansi@2.0.0
27 silly currentTree ├── log-symbols@1.0.2
27 silly currentTree ├── onetime@1.1.0
27 silly currentTree ├── ora@0.4.0
27 silly currentTree ├── restore-cursor@1.0.1
27 silly currentTree ├── strip-ansi@3.0.1
27 silly currentTree └── supports-color@2.0.0
28 silly idealTree wth-cli@1.0.1
28 silly idealTree ├── ansi-regex@2.0.0
28 silly idealTree ├── ansi-styles@2.2.1
28 silly idealTree ├── chalk@1.1.3
28 silly idealTree ├── clear@0.0.1
28 silly idealTree ├── cli-cursor@1.0.2
28 silly idealTree ├── cli-spinners@1.0.0
28 silly idealTree ├── colors@1.1.2
28 silly idealTree ├── commander@2.9.0
28 silly idealTree ├── escape-string-regexp@1.0.5
28 silly idealTree ├── exit-hook@1.1.1
28 silly idealTree ├── fs@0.0.1-security
28 silly idealTree ├── graceful-readlink@1.0.1
28 silly idealTree ├── has-ansi@2.0.0
28 silly idealTree ├── log-symbols@1.0.2
28 silly idealTree ├── onetime@1.1.0
28 silly idealTree ├── ora@0.4.0
28 silly idealTree ├── restore-cursor@1.0.1
28 silly idealTree ├── strip-ansi@3.0.1
28 silly idealTree └── supports-color@2.0.0
29 silly generateActionsToTake Starting
30 silly install generateActionsToTake
31 silly generateActionsToTake Finishing
32 silly diffTrees action count 0
33 silly decomposeActions action count 0
34 silly runTopLevelLifecycles Starting
35 silly install runPreinstallTopLevelLifecycles
36 silly preinstall wth-cli@1.0.1 /Volumes/Mini 16GB /Code/WhatTheHell/wth-cli-68e34d1f
37 info lifecycle wth-cli@1.0.1~preinstall: wth-cli@1.0.1
38 silly lifecycle wth-cli@1.0.1~preinstall: no script for preinstall, continuing
39 silly executeActions Starting
40 silly install executeActions
41 silly doSerial global-install 0
42 silly doParallel fetch 0
43 verbose correctMkdir /Users/rawnly/.npm/_locks correctMkdir not in flight; initializing
44 verbose lock using /Users/rawnly/.npm/_locks/staging-1899b6c743bfef17.lock for /Volumes/Mini 16GB /Code/WhatTheHell/node_modules/.staging
45 silly doParallel extract 0
46 silly doParallel preinstall 0
47 silly doReverseSerial remove 0
48 silly doSerial move 0
49 silly doSerial finalize 0
50 silly doSerial build 0
51 silly doSerial global-link 0
52 silly doParallel update-linked 0
53 silly doSerial install 0
54 silly doSerial postinstall 0
55 verbose unlock done using /Users/rawnly/.npm/_locks/staging-1899b6c743bfef17.lock for /Volumes/Mini 16GB /Code/WhatTheHell/node_modules/.staging
56 silly executeActions Finishing
57 silly rollbackFailedOptional Starting
58 silly rollbackFailedOptional Finishing
59 silly install runPostinstallTopLevelLifecycles
60 silly build wth-cli@1.0.1
61 info linkStuff wth-cli@1.0.1
62 silly linkStuff wth-cli@1.0.1 has /Volumes/Mini 16GB /Code as its parent node_modules
63 verbose linkBins wth-cli@1.0.1
64 verbose linkMans wth-cli@1.0.1
65 silly install wth-cli@1.0.1 /Volumes/Mini 16GB /Code/WhatTheHell/wth-cli-68e34d1f
66 info lifecycle wth-cli@1.0.1~install: wth-cli@1.0.1
67 silly lifecycle wth-cli@1.0.1~install: no script for install, continuing
68 silly postinstall wth-cli@1.0.1 /Volumes/Mini 16GB /Code/WhatTheHell/wth-cli-68e34d1f
69 info lifecycle wth-cli@1.0.1~postinstall: wth-cli@1.0.1
70 silly lifecycle wth-cli@1.0.1~postinstall: no script for postinstall, continuing
71 silly prepublish wth-cli@1.0.1 /Volumes/Mini 16GB /Code/WhatTheHell/wth-cli-68e34d1f
72 info lifecycle wth-cli@1.0.1~prepublish: wth-cli@1.0.1
73 silly lifecycle wth-cli@1.0.1~prepublish: no script for prepublish, continuing
74 silly runTopLevelLifecycles Finishing
75 silly install printInstalled
76 warn wth-cli@1.0.1 No repository field.
77 verbose If you need help, you may report this error at:
77 verbose     <https://github.com/npm/npm/issues>
78 info build /usr/local/lib/node_modules/wth-cli
79 info linkStuff wth-cli@1.0.1
80 silly linkStuff wth-cli@1.0.1 has /usr/local/lib/node_modules as its parent node_modules
81 silly linkStuff wth-cli@1.0.1 is part of a global install
82 silly linkStuff wth-cli@1.0.1 is installed into a global node_modules
83 silly linkStuff wth-cli@1.0.1 is installed into the top-level global node_modules
84 verbose linkBins wth-cli@1.0.1
85 verbose link bins [ { wth: 'node wth.js' }, '/usr/local/bin', true ]
86 verbose linkMans wth-cli@1.0.1
87 verbose stack Error: ENOENT: no such file or directory, chmod '/usr/local/lib/node_modules/wth-cli/node wth.js'
87 verbose stack     at Error (native)
88 verbose cwd /Volumes/Mini 16GB /Code/WhatTheHell
89 error Darwin 16.1.0
90 error argv "/usr/local/bin/node" "/usr/local/bin/npm" "link"
91 error node v6.9.2
92 error npm  v3.10.9
93 error path /usr/local/lib/node_modules/wth-cli/node wth.js
94 error code ENOENT
95 error errno -2
96 error syscall chmod
97 error enoent ENOENT: no such file or directory, chmod '/usr/local/lib/node_modules/wth-cli/node wth.js'
98 error enoent ENOENT: no such file or directory, chmod '/usr/local/lib/node_modules/wth-cli/node wth.js'
98 error enoent This is most likely not a problem with npm itself
98 error enoent and is related to npm not being able to find a file.
99 verbose exit [ -2, true ]
